# JRE version: OpenJDK Runtime Environment Temurin-17.0.6+10 (17.0.6+10) (build 17.0.6+10)
# Java VM: OpenJDK 64-Bit Server VM Temurin-17.0.6+10 (17.0.6+10, mixed mode, tiered, compressed oops, compressed class ptrs, g1 gc, linux-amd64)
GC Precious Log:
 CPUs: 4 total, 4 available
 Memory: 15679M
 Large Page Support: Disabled
 NUMA Support: Disabled
 Compressed Oops: Enabled (32-bit)
 Heap Region Size: 1M
 Heap Min Capacity: 64M
 Heap Initial Capacity: 64M
 Heap Max Capacity: 1G
 Pre-touch: Disabled
 Parallel Workers: 4
 Concurrent Workers: 1
 Concurrent Refinement Workers: 4
 Periodic GC: Disabled
Heap:
 garbage-first heap   total 112640K, used 41531K [0x00000000c0000000, 0x0000000100000000)
  region size 1024K, 20 young (20480K), 9 survivors (9216K)
 Metaspace       used 50188K, committed 51520K, reserved 1097728K
  class space    used 5879K, committed 6528K, reserved 1048576K
GC Heap History (18 events):
Event: 0.621 GC heap before
{Heap before GC invocations=0 (full 0):
 garbage-first heap   total 65536K, used 12288K [0x00000000c0000000, 0x0000000100000000)
  region size 1024K, 13 young (13312K), 0 survivors (0K)
 Metaspace       used 10448K, committed 10624K, reserved 1064960K
  class space    used 1056K, committed 1152K, reserved 1048576K
}
Event: 0.626 GC heap after
{Heap after GC invocations=1 (full 0):
 garbage-first heap   total 65536K, used 3049K [0x00000000c0000000, 0x0000000100000000)
  region size 1024K, 2 young (2048K), 2 survivors (2048K)
 Metaspace       used 10448K, committed 10624K, reserved 1064960K
  class space    used 1056K, committed 1152K, reserved 1048576K
}
Event: 0.952 GC heap before
{Heap before GC invocations=1 (full 0):
 garbage-first heap   total 65536K, used 17385K [0x00000000c0000000, 0x0000000100000000)
  region size 1024K, 17 young (17408K), 2 survivors (2048K)
 Metaspace       used 13563K, committed 13760K, reserved 1064960K
  class space    used 1371K, committed 1472K, reserved 1048576K
}
Event: 0.960 GC heap after
{Heap after GC invocations=2 (full 0):
 garbage-first heap   total 65536K, used 7555K [0x00000000c0000000, 0x0000000100000000)
  region size 1024K, 3 young (3072K), 3 survivors (3072K)
 Metaspace       used 13563K, committed 13760K, reserved 1064960K
  class space    used 1371K, committed 1472K, reserved 1048576K
}
Event: 1.434 GC heap before
{Heap before GC invocations=2 (full 0):
 garbage-first heap   total 65536K, used 23939K [0x00000000c0000000, 0x0000000100000000)
  region size 1024K, 20 young (20480K), 3 survivors (3072K)
 Metaspace       used 18939K, committed 19392K, reserved 1073152K
  class space    used 1975K, committed 2176K, reserved 1048576K
}
Event: 1.442 GC heap after
{Heap after GC invocations=3 (full 0):
 garbage-first heap   total 65536K, used 10088K [0x00000000c0000000, 0x0000000100000000)
  region size 1024K, 3 young (3072K), 3 survivors (3072K)
 Metaspace       used 18939K, committed 19392K, reserved 1073152K
  class space    used 1975K, committed 2176K, reserved 1048576K
}
Event: 1.652 GC heap before
{Heap before GC invocations=3 (full 0):
 garbage-first heap   total 65536K, used 17256K [0x00000000c0000000, 0x0000000100000000)
  region size 1024K, 12 young (12288K), 3 survivors (3072K)
 Metaspace       used 21018K, committed 21504K, reserved 1073152K
  class space    used 2183K, committed 2432K, reserved 1048576K
}
Event: 1.657 GC heap after
{Heap after GC invocations=4 (full 0):
 garbage-first heap   total 65536K, used 12230K [0x00000000c0000000, 0x0000000100000000)
  region size 1024K, 4 young (4096K), 4 survivors (4096K)
 Metaspace       used 21018K, committed 21504K, reserved 1073152K
  class space    used 2183K, committed 2432K, reserved 1048576K
}
Event: 2.382 GC heap before
{Heap before GC invocations=5 (full 0):
 garbage-first heap   total 65536K, used 42950K [0x00000000c0000000, 0x0000000100000000)
  region size 1024K, 34 young (34816K), 4 survivors (4096K)
 Metaspace       used 28861K, committed 29632K, reserved 1081344K
  class space    used 3126K, committed 3456K, reserved 1048576K
}
Event: 2.391 GC heap after
{Heap after GC invocations=6 (full 0):
 garbage-first heap   total 65536K, used 16877K [0x00000000c0000000, 0x0000000100000000)
  region size 1024K, 5 young (5120K), 5 survivors (5120K)
 Metaspace       used 28861K, committed 29632K, reserved 1081344K
  class space    used 3126K, committed 3456K, reserved 1048576K
}
Event: 3.220 GC heap before
{Heap before GC invocations=7 (full 0):
 garbage-first heap   total 65536K, used 41453K [0x00000000c0000000, 0x0000000100000000)
  region size 1024K, 30 young (30720K), 5 survivors (5120K)
 Metaspace       used 36977K, committed 37888K, reserved 1089536K
  class space    used 4295K, committed 4672K, reserved 1048576K
}
Event: 3.231 GC heap after
{Heap after GC invocations=8 (full 0):
 garbage-first heap   total 65536K, used 20919K [0x00000000c0000000, 0x0000000100000000)
  region size 1024K, 4 young (4096K), 4 survivors (4096K)
 Metaspace       used 36977K, committed 37888K, reserved 1089536K
  class space    used 4295K, committed 4672K, reserved 1048576K
}
Event: 3.242 GC heap before
{Heap before GC invocations=8 (full 0):
 garbage-first heap   total 65536K, used 20919K [0x00000000c0000000, 0x0000000100000000)
  region size 1024K, 5 young (5120K), 4 survivors (4096K)
 Metaspace       used 36981K, committed 37888K, reserved 1089536K
  class space    used 4295K, committed 4672K, reserved 1048576K
}
Event: 3.252 GC heap after
{Heap after GC invocations=9 (full 0):
 garbage-first heap   total 65536K, used 20125K [0x00000000c0000000, 0x0000000100000000)
  region size 1024K, 1 young (1024K), 1 survivors (1024K)
 Metaspace       used 36981K, committed 37888K, reserved 1089536K
  class space    used 4295K, committed 4672K, reserved 1048576K
}
Event: 3.855 GC heap before
{Heap before GC invocations=9 (full 0):
 garbage-first heap   total 65536K, used 45725K [0x00000000c0000000, 0x0000000100000000)
  region size 1024K, 24 young (24576K), 1 survivors (1024K)
 Metaspace       used 40438K, committed 41536K, reserved 1089536K
  class space    used 4680K, committed 5184K, reserved 1048576K
}
Event: 3.861 GC heap after
{Heap after GC invocations=10 (full 0):
 garbage-first heap   total 132096K, used 24778K [0x00000000c0000000, 0x0000000100000000)
  region size 1024K, 3 young (3072K), 3 survivors (3072K)
 Metaspace       used 40438K, committed 41536K, reserved 1089536K
  class space    used 4680K, committed 5184K, reserved 1048576K
}
Event: 5.086 GC heap before
{Heap before GC invocations=10 (full 0):
 garbage-first heap   total 132096K, used 63690K [0x00000000c0000000, 0x0000000100000000)
  region size 1024K, 42 young (43008K), 3 survivors (3072K)
 Metaspace       used 48612K, committed 49856K, reserved 1097728K
  class space    used 5678K, committed 6272K, reserved 1048576K
}
Event: 5.099 GC heap after
{Heap after GC invocations=11 (full 0):
 garbage-first heap   total 132096K, used 31291K [0x00000000c0000000, 0x0000000100000000)
  region size 1024K, 9 young (9216K), 9 survivors (9216K)
 Metaspace       used 48612K, committed 49856K, reserved 1097728K
  class space    used 5678K, committed 6272K, reserved 1048576K
}

